[ 2019-01-15 19:29:20,421][end2end] Loaded 400000 word vectors.
[ 2019-01-15 19:29:21,652][layer_utils] _________________________________________________________________
[ 2019-01-15 19:29:21,653][layer_utils] Layer (type)                 Output Shape              Param #   
[ 2019-01-15 19:29:21,653][layer_utils] =================================================================
[ 2019-01-15 19:29:21,653][layer_utils] embedding (Embedding)        (None, 2300, 50)          5461500   
[ 2019-01-15 19:29:21,653][layer_utils] _________________________________________________________________
[ 2019-01-15 19:29:21,654][layer_utils] conv1d (Conv1D)              (None, 2294, 64)          22464     
[ 2019-01-15 19:29:21,654][layer_utils] _________________________________________________________________
[ 2019-01-15 19:29:21,654][layer_utils] max_pooling1d (MaxPooling1D) (None, 1147, 64)          0         
[ 2019-01-15 19:29:21,654][layer_utils] _________________________________________________________________
[ 2019-01-15 19:29:21,654][layer_utils] conv1d_1 (Conv1D)            (None, 1141, 64)          28736     
[ 2019-01-15 19:29:21,654][layer_utils] _________________________________________________________________
[ 2019-01-15 19:29:21,654][layer_utils] global_max_pooling1d (Global (None, 64)                0         
[ 2019-01-15 19:29:21,654][layer_utils] _________________________________________________________________
[ 2019-01-15 19:29:21,655][layer_utils] dropout (Dropout)            (None, 64)                0         
[ 2019-01-15 19:29:21,655][layer_utils] _________________________________________________________________
[ 2019-01-15 19:29:21,655][layer_utils] dense (Dense)                (None, 32)                2080      
[ 2019-01-15 19:29:21,655][layer_utils] _________________________________________________________________
[ 2019-01-15 19:29:21,655][layer_utils] dense_1 (Dense)              (None, 4)                 132       
[ 2019-01-15 19:29:21,655][layer_utils] =================================================================
[ 2019-01-15 19:29:21,656][layer_utils] Total params: 5,514,912
[ 2019-01-15 19:29:21,656][layer_utils] Trainable params: 53,412
[ 2019-01-15 19:29:21,656][layer_utils] Non-trainable params: 5,461,500
[ 2019-01-15 19:29:21,656][layer_utils] _________________________________________________________________
[ 2019-01-15 19:29:21,795][end2end] Begin Training
