[ 2019-01-15 10:43:51,112][end2end] Loaded 400000 word vectors.
[ 2019-01-15 10:43:51,727][layer_utils] _________________________________________________________________
[ 2019-01-15 10:43:51,727][layer_utils] Layer (type)                 Output Shape              Param #   
[ 2019-01-15 10:43:51,727][layer_utils] =================================================================
[ 2019-01-15 10:43:51,728][layer_utils] embedding (Embedding)        (None, 200, 50)           6062400   
[ 2019-01-15 10:43:51,728][layer_utils] _________________________________________________________________
[ 2019-01-15 10:43:51,728][layer_utils] dropout (Dropout)            (None, 200, 50)           0         
[ 2019-01-15 10:43:51,728][layer_utils] _________________________________________________________________
[ 2019-01-15 10:43:51,728][layer_utils] conv1d (Conv1D)              (None, 198, 64)           9664      
[ 2019-01-15 10:43:51,728][layer_utils] _________________________________________________________________
[ 2019-01-15 10:43:51,728][layer_utils] global_max_pooling1d (Global (None, 64)                0         
[ 2019-01-15 10:43:51,728][layer_utils] _________________________________________________________________
[ 2019-01-15 10:43:51,728][layer_utils] dropout_1 (Dropout)          (None, 64)                0         
[ 2019-01-15 10:43:51,728][layer_utils] _________________________________________________________________
[ 2019-01-15 10:43:51,728][layer_utils] dense (Dense)                (None, 4)                 260       
[ 2019-01-15 10:43:51,728][layer_utils] =================================================================
[ 2019-01-15 10:43:51,729][layer_utils] Total params: 6,072,324
[ 2019-01-15 10:43:51,729][layer_utils] Trainable params: 9,924
[ 2019-01-15 10:43:51,729][layer_utils] Non-trainable params: 6,062,400
[ 2019-01-15 10:43:51,729][layer_utils] _________________________________________________________________
[ 2019-01-15 10:43:51,823][end2end] Begin Training
[ 2019-01-15 10:45:27,070][end2end] 
------------------------

[ 2019-01-15 10:45:27,070][end2end] Loss on test set(10%) = 0.5547318387141426
[ 2019-01-15 10:45:27,070][end2end] Accuracy on test set(10%) = 0.7278225806451613
