[ 2019-01-15 11:04:45,535][end2end] Loaded 400000 word vectors.
[ 2019-01-15 11:04:46,611][layer_utils] _________________________________________________________________
[ 2019-01-15 11:04:46,611][layer_utils] Layer (type)                 Output Shape              Param #   
[ 2019-01-15 11:04:46,611][layer_utils] =================================================================
[ 2019-01-15 11:04:46,611][layer_utils] embedding (Embedding)        (None, 2000, 50)          6062400   
[ 2019-01-15 11:04:46,611][layer_utils] _________________________________________________________________
[ 2019-01-15 11:04:46,612][layer_utils] dropout (Dropout)            (None, 2000, 50)          0         
[ 2019-01-15 11:04:46,612][layer_utils] _________________________________________________________________
[ 2019-01-15 11:04:46,612][layer_utils] conv1d (Conv1D)              (None, 1801, 64)          640064    
[ 2019-01-15 11:04:46,612][layer_utils] _________________________________________________________________
[ 2019-01-15 11:04:46,612][layer_utils] dropout_1 (Dropout)          (None, 1801, 64)          0         
[ 2019-01-15 11:04:46,612][layer_utils] _________________________________________________________________
[ 2019-01-15 11:04:46,612][layer_utils] conv1d_1 (Conv1D)            (None, 1602, 64)          819264    
[ 2019-01-15 11:04:46,612][layer_utils] _________________________________________________________________
[ 2019-01-15 11:04:46,612][layer_utils] dropout_2 (Dropout)          (None, 1602, 64)          0         
[ 2019-01-15 11:04:46,613][layer_utils] _________________________________________________________________
[ 2019-01-15 11:04:46,613][layer_utils] lstm (LSTM)                  (None, 1602, 10)          3000      
[ 2019-01-15 11:04:46,613][layer_utils] _________________________________________________________________
[ 2019-01-15 11:04:46,613][layer_utils] flatten (Flatten)            (None, 16020)             0         
[ 2019-01-15 11:04:46,613][layer_utils] _________________________________________________________________
[ 2019-01-15 11:04:46,613][layer_utils] dense (Dense)                (None, 4)                 64084     
[ 2019-01-15 11:04:46,613][layer_utils] =================================================================
[ 2019-01-15 11:04:46,613][layer_utils] Total params: 7,588,812
[ 2019-01-15 11:04:46,614][layer_utils] Trainable params: 1,526,412
[ 2019-01-15 11:04:46,614][layer_utils] Non-trainable params: 6,062,400
[ 2019-01-15 11:04:46,614][layer_utils] _________________________________________________________________
[ 2019-01-15 11:04:46,715][end2end] Begin Training
