[ 2019-01-15 09:57:43,358][end2end.<module>] Loaded 400000 word vectors.
[ 2019-01-15 09:57:43,896][layer_utils.print_summary] _________________________________________________________________
[ 2019-01-15 09:57:43,908][layer_utils.print_row] Layer (type)                 Output Shape              Param #   
[ 2019-01-15 09:57:43,908][layer_utils.print_summary] =================================================================
[ 2019-01-15 09:57:43,909][layer_utils.print_row] embedding (Embedding)        (None, 2000, 50)          6062400   
[ 2019-01-15 09:57:43,909][layer_utils.print_summary] _________________________________________________________________
[ 2019-01-15 09:57:43,909][layer_utils.print_row] dropout (Dropout)            (None, 2000, 50)          0         
[ 2019-01-15 09:57:43,909][layer_utils.print_summary] _________________________________________________________________
[ 2019-01-15 09:57:43,909][layer_utils.print_row] conv1d (Conv1D)              (None, 1998, 64)          9664      
[ 2019-01-15 09:57:43,909][layer_utils.print_summary] _________________________________________________________________
[ 2019-01-15 09:57:43,910][layer_utils.print_row] global_max_pooling1d (Global (None, 64)                0         
[ 2019-01-15 09:57:43,910][layer_utils.print_summary] _________________________________________________________________
[ 2019-01-15 09:57:43,910][layer_utils.print_row] dropout_1 (Dropout)          (None, 64)                0         
[ 2019-01-15 09:57:43,910][layer_utils.print_summary] _________________________________________________________________
[ 2019-01-15 09:57:43,910][layer_utils.print_row] dense (Dense)                (None, 4)                 260       
[ 2019-01-15 09:57:43,910][layer_utils.print_summary] =================================================================
[ 2019-01-15 09:57:43,910][layer_utils.print_summary] Total params: 6,072,324
[ 2019-01-15 09:57:43,911][layer_utils.print_summary] Trainable params: 9,924
[ 2019-01-15 09:57:43,911][layer_utils.print_summary] Non-trainable params: 6,062,400
[ 2019-01-15 09:57:43,911][layer_utils.print_summary] _________________________________________________________________
[ 2019-01-15 09:57:44,010][end2end.<module>] Begin Training
