[ 2019-01-15 11:01:16,931][end2end] Loaded 400000 word vectors.
[ 2019-01-15 11:01:17,941][layer_utils] _________________________________________________________________
[ 2019-01-15 11:01:17,941][layer_utils] Layer (type)                 Output Shape              Param #   
[ 2019-01-15 11:01:17,941][layer_utils] =================================================================
[ 2019-01-15 11:01:17,941][layer_utils] embedding (Embedding)        (None, 2000, 50)          6062400   
[ 2019-01-15 11:01:17,941][layer_utils] _________________________________________________________________
[ 2019-01-15 11:01:17,941][layer_utils] dropout (Dropout)            (None, 2000, 50)          0         
[ 2019-01-15 11:01:17,941][layer_utils] _________________________________________________________________
[ 2019-01-15 11:01:17,942][layer_utils] conv1d (Conv1D)              (None, 1801, 128)         1280128   
[ 2019-01-15 11:01:17,942][layer_utils] _________________________________________________________________
[ 2019-01-15 11:01:17,942][layer_utils] dropout_1 (Dropout)          (None, 1801, 128)         0         
[ 2019-01-15 11:01:17,942][layer_utils] _________________________________________________________________
[ 2019-01-15 11:01:17,942][layer_utils] conv1d_1 (Conv1D)            (None, 1792, 64)          81984     
[ 2019-01-15 11:01:17,942][layer_utils] _________________________________________________________________
[ 2019-01-15 11:01:17,942][layer_utils] dropout_2 (Dropout)          (None, 1792, 64)          0         
[ 2019-01-15 11:01:17,942][layer_utils] _________________________________________________________________
[ 2019-01-15 11:01:17,942][layer_utils] lstm (LSTM)                  (None, 1792, 32)          12416     
[ 2019-01-15 11:01:17,942][layer_utils] _________________________________________________________________
[ 2019-01-15 11:01:17,942][layer_utils] flatten (Flatten)            (None, 57344)             0         
[ 2019-01-15 11:01:17,942][layer_utils] _________________________________________________________________
[ 2019-01-15 11:01:17,943][layer_utils] dense (Dense)                (None, 4)                 229380    
[ 2019-01-15 11:01:17,943][layer_utils] =================================================================
[ 2019-01-15 11:01:17,943][layer_utils] Total params: 7,666,308
[ 2019-01-15 11:01:17,943][layer_utils] Trainable params: 1,603,908
[ 2019-01-15 11:01:17,943][layer_utils] Non-trainable params: 6,062,400
[ 2019-01-15 11:01:17,943][layer_utils] _________________________________________________________________
[ 2019-01-15 11:01:18,037][end2end] Begin Training
